[0.009s] Invoking command in '/root/AirStack/build/disparity_expansion': /usr/bin/cmake /root/AirStack/ros_ws/src/robot/autonomy/planning/local/disparity_expansion -DCMAKE_INSTALL_PREFIX=/root/AirStack/install/disparity_expansion
[0.076s] -- The C compiler identification is GNU 11.4.0
[0.142s] -- The CXX compiler identification is GNU 11.4.0
[0.152s] -- Detecting C compiler ABI info
[0.232s] -- Detecting C compiler ABI info - done
[0.240s] -- Check for working C compiler: /usr/bin/cc - skipped
[0.241s] -- Detecting C compile features
[0.241s] -- Detecting C compile features - done
[0.245s] -- Detecting CXX compiler ABI info
[0.335s] -- Detecting CXX compiler ABI info - done
[0.344s] -- Check for working CXX compiler: /usr/bin/c++ - skipped
[0.344s] -- Detecting CXX compile features
[0.345s] -- Detecting CXX compile features - done
[0.349s] -- Found ament_cmake: 1.3.9 (/opt/ros/humble/share/ament_cmake/cmake)
[0.506s] -- Found Python3: /usr/bin/python3 (found version "3.10.12") found components: Interpreter 
[0.624s] -- Found rclcpp: 16.0.9 (/opt/ros/humble/share/rclcpp/cmake)
[0.681s] -- Found rosidl_generator_c: 3.1.5 (/opt/ros/humble/share/rosidl_generator_c/cmake)
[0.689s] -- Found rosidl_adapter: 3.1.5 (/opt/ros/humble/share/rosidl_adapter/cmake)
[0.700s] -- Found rosidl_generator_cpp: 3.1.5 (/opt/ros/humble/share/rosidl_generator_cpp/cmake)
[0.716s] -- Using all available rosidl_typesupport_c: rosidl_typesupport_fastrtps_c;rosidl_typesupport_introspection_c
[0.738s] -- Using all available rosidl_typesupport_cpp: rosidl_typesupport_fastrtps_cpp;rosidl_typesupport_introspection_cpp
[0.814s] -- Found rmw_implementation_cmake: 6.1.2 (/opt/ros/humble/share/rmw_implementation_cmake/cmake)
[0.819s] -- Found rmw_fastrtps_cpp: 6.2.6 (/opt/ros/humble/share/rmw_fastrtps_cpp/cmake)
[0.978s] -- Found OpenSSL: /usr/lib/x86_64-linux-gnu/libcrypto.so (found version "3.0.2")  
[1.023s] -- Found FastRTPS: /opt/ros/humble/include  
[1.098s] -- Using RMW implementation 'rmw_fastrtps_cpp' as default
[1.115s] -- Looking for pthread.h
[1.196s] -- Looking for pthread.h - found
[1.197s] -- Performing Test CMAKE_HAVE_LIBC_PTHREAD
[1.299s] -- Performing Test CMAKE_HAVE_LIBC_PTHREAD - Success
[1.300s] -- Found Threads: TRUE  
[1.448s] -- Found cv_bridge: 3.2.1 (/opt/ros/humble/share/cv_bridge/cmake)
[1.576s] -- Found image_geometry: 3.2.1 (/opt/ros/humble/share/image_geometry/cmake)
[1.585s] -- Found image_transport: 3.1.9 (/opt/ros/humble/share/image_transport/cmake)
[1.651s] -- Found tf2: 0.25.7 (/opt/ros/humble/share/tf2/cmake)
[1.660s] -- Found OpenCV: /usr (found version "4.5.4") 
[1.682s] -- Checking for module 'eigen3'
[1.707s] --   Found eigen3, version 3.4.0
[1.769s] -- Found Eigen: /usr/include/eigen3 (Required is at least version "3.1") 
[1.769s] -- Eigen found (include: /usr/include/eigen3, version: 3.4.0)
[1.795s] -- Found Boost: /usr/lib/x86_64-linux-gnu/cmake/Boost-1.74.0/BoostConfig.cmake (found suitable version "1.74.0", minimum required is "1.65.0") found components: system filesystem date_time iostreams serialization 
[1.822s] -- Checking for module 'flann'
[1.847s] --   Found flann, version 1.9.1
[1.916s] -- Found FLANN: /usr/lib/x86_64-linux-gnu/libflann_cpp.so  
[1.916s] -- FLANN found (include: /usr/include, lib: /usr/lib/x86_64-linux-gnu/libflann_cpp.so)
[1.948s] -- Found GLEW: /usr/lib/x86_64-linux-gnu/libGLEW.so  
[1.952s] -- Found OpenGL: /usr/lib/x86_64-linux-gnu/libOpenGL.so  found components: OpenGL GLX 
[2.147s] -- Found MPI_C: /usr/lib/x86_64-linux-gnu/libmpi.so (found version "3.1") 
[2.148s] -- Found MPI: TRUE (found version "3.1") found components: C 
[2.151s] -- Found JsonCpp: /usr/lib/x86_64-linux-gnu/libjsoncpp.so (found suitable version "1.9.5", minimum required is "0.7.0") 
[2.159s] -- Found ZLIB: /usr/lib/x86_64-linux-gnu/libz.so (found version "1.2.11") 
[2.172s] -- Found PNG: /usr/lib/x86_64-linux-gnu/libpng.so (found version "1.6.37") 
[2.182s] -- Found Eigen3: /usr/include/eigen3 (found version "3.4.0") 
[2.311s] -- Found X11: /usr/include   
[2.311s] -- Looking for XOpenDisplay in /usr/lib/x86_64-linux-gnu/libX11.so;/usr/lib/x86_64-linux-gnu/libXext.so
[2.413s] -- Looking for XOpenDisplay in /usr/lib/x86_64-linux-gnu/libX11.so;/usr/lib/x86_64-linux-gnu/libXext.so - found
[2.414s] -- Looking for gethostbyname
[2.503s] -- Looking for gethostbyname - found
[2.503s] -- Looking for connect
[2.592s] -- Looking for connect - found
[2.592s] -- Looking for remove
[2.697s] -- Looking for remove - found
[2.697s] -- Looking for shmat
[2.794s] -- Looking for shmat - found
[2.795s] -- Looking for IceConnectionNumber in ICE
[2.888s] -- Looking for IceConnectionNumber in ICE - found
[3.020s] -- Found EXPAT: /usr/lib/x86_64-linux-gnu/libexpat.so (found version "2.4.7") 
[3.022s] -- Found double-conversion: /usr/lib/x86_64-linux-gnu/libdouble-conversion.so  
[3.024s] -- Found LZ4: /usr/lib/x86_64-linux-gnu/liblz4.so (found version "1.9.3") 
[3.025s] -- Found LZMA: /usr/lib/x86_64-linux-gnu/liblzma.so (found version "5.2.5") 
[3.037s] -- Found JPEG: /usr/lib/x86_64-linux-gnu/libjpeg.so (found version "80") 
[3.040s] -- Found TIFF: /usr/lib/x86_64-linux-gnu/libtiff.so (found version "4.3.0")  
[3.043s] -- Found Freetype: /usr/lib/x86_64-linux-gnu/libfreetype.so (found version "2.11.1") 
[3.048s] -- Found utf8cpp: /usr/include/utf8cpp  
[3.171s] -- Checking for module 'libusb-1.0'
[3.198s] --   Found libusb-1.0, version 1.0.25
[3.265s] -- Found libusb: /usr/lib/x86_64-linux-gnu/libusb-1.0.so  
[3.267s] -- Found OpenNI: /usr/lib/libOpenNI.so;libusb::libusb (found version "1.5.4.0") 
[3.267s] -- OpenNI found (version: 1.5.4.0, include: /usr/include/ni, lib: /usr/lib/libOpenNI.so;libusb::libusb)
[3.372s] -- Found OpenNI2: /usr/lib/x86_64-linux-gnu/libOpenNI2.so;libusb::libusb (found version "2.2.0.33") 
[3.372s] -- OpenNI2 found (version: 2.2.0.33, include: /usr/include/openni2, lib: /usr/lib/x86_64-linux-gnu/libOpenNI2.so;libusb::libusb)
[3.372s] [0m** WARNING ** io features related to pcap will be disabled[0m
[3.534s] -- Eigen found (include: /usr/include/eigen3, version: 3.4.0)
[3.544s] -- OpenNI found (version: 1.5.4.0, include: /usr/include/ni, lib: /usr/lib/libOpenNI.so;libusb::libusb)
[3.555s] -- OpenNI2 found (version: 2.2.0.33, include: /usr/include/openni2, lib: /usr/lib/x86_64-linux-gnu/libOpenNI2.so;libusb::libusb)
[3.712s] -- Found Qhull version 8.0.2
[3.870s] -- OpenNI found (version: 1.5.4.0, include: /usr/include/ni, lib: /usr/lib/libOpenNI.so;libusb::libusb)
[4.023s] -- looking for PCL_COMMON
[4.024s] -- Found PCL_COMMON: /usr/lib/x86_64-linux-gnu/libpcl_common.so  
[4.024s] -- looking for PCL_KDTREE
[4.024s] -- Found PCL_KDTREE: /usr/lib/x86_64-linux-gnu/libpcl_kdtree.so  
[4.024s] -- looking for PCL_OCTREE
[4.025s] -- Found PCL_OCTREE: /usr/lib/x86_64-linux-gnu/libpcl_octree.so  
[4.025s] -- looking for PCL_SEARCH
[4.026s] -- Found PCL_SEARCH: /usr/lib/x86_64-linux-gnu/libpcl_search.so  
[4.026s] -- looking for PCL_SAMPLE_CONSENSUS
[4.026s] -- Found PCL_SAMPLE_CONSENSUS: /usr/lib/x86_64-linux-gnu/libpcl_sample_consensus.so  
[4.026s] -- looking for PCL_FILTERS
[4.027s] -- Found PCL_FILTERS: /usr/lib/x86_64-linux-gnu/libpcl_filters.so  
[4.027s] -- looking for PCL_2D
[4.027s] -- Found PCL_2D: /usr/include/pcl-1.12  
[4.027s] -- looking for PCL_GEOMETRY
[4.027s] -- Found PCL_GEOMETRY: /usr/include/pcl-1.12  
[4.027s] -- looking for PCL_IO
[4.028s] -- Found PCL_IO: /usr/lib/x86_64-linux-gnu/libpcl_io.so  
[4.028s] -- looking for PCL_FEATURES
[4.029s] -- Found PCL_FEATURES: /usr/lib/x86_64-linux-gnu/libpcl_features.so  
[4.029s] -- looking for PCL_ML
[4.029s] -- Found PCL_ML: /usr/lib/x86_64-linux-gnu/libpcl_ml.so  
[4.029s] -- looking for PCL_SEGMENTATION
[4.030s] -- Found PCL_SEGMENTATION: /usr/lib/x86_64-linux-gnu/libpcl_segmentation.so  
[4.030s] -- looking for PCL_VISUALIZATION
[4.031s] -- Found PCL_VISUALIZATION: /usr/lib/x86_64-linux-gnu/libpcl_visualization.so  
[4.031s] -- looking for PCL_SURFACE
[4.031s] -- Found PCL_SURFACE: /usr/lib/x86_64-linux-gnu/libpcl_surface.so  
[4.031s] -- looking for PCL_REGISTRATION
[4.032s] -- Found PCL_REGISTRATION: /usr/lib/x86_64-linux-gnu/libpcl_registration.so  
[4.032s] -- looking for PCL_KEYPOINTS
[4.033s] -- Found PCL_KEYPOINTS: /usr/lib/x86_64-linux-gnu/libpcl_keypoints.so  
[4.033s] -- looking for PCL_TRACKING
[4.033s] -- Found PCL_TRACKING: /usr/lib/x86_64-linux-gnu/libpcl_tracking.so  
[4.033s] -- looking for PCL_RECOGNITION
[4.034s] -- Found PCL_RECOGNITION: /usr/lib/x86_64-linux-gnu/libpcl_recognition.so  
[4.034s] -- looking for PCL_STEREO
[4.035s] -- Found PCL_STEREO: /usr/lib/x86_64-linux-gnu/libpcl_stereo.so  
[4.035s] -- looking for PCL_APPS
[4.035s] -- Found PCL_APPS: /usr/lib/x86_64-linux-gnu/libpcl_apps.so  
[4.036s] -- looking for PCL_IN_HAND_SCANNER
[4.036s] -- Found PCL_IN_HAND_SCANNER: /usr/include/pcl-1.12  
[4.036s] -- looking for PCL_MODELER
[4.036s] -- Found PCL_MODELER: /usr/include/pcl-1.12  
[4.036s] -- looking for PCL_POINT_CLOUD_EDITOR
[4.036s] -- Found PCL_POINT_CLOUD_EDITOR: /usr/include/pcl-1.12  
[4.037s] -- looking for PCL_OUTOFCORE
[4.037s] -- Found PCL_OUTOFCORE: /usr/lib/x86_64-linux-gnu/libpcl_outofcore.so  
[4.037s] -- looking for PCL_PEOPLE
[4.038s] -- Found PCL_PEOPLE: /usr/lib/x86_64-linux-gnu/libpcl_people.so  
[4.038s] -- Found PCL: pcl_common;pcl_kdtree;pcl_octree;pcl_search;pcl_sample_consensus;pcl_filters;pcl_io;pcl_features;pcl_ml;pcl_segmentation;pcl_visualization;pcl_surface;pcl_registration;pcl_keypoints;pcl_tracking;pcl_recognition;pcl_stereo;pcl_apps;pcl_outofcore;pcl_people;Boost::system;Boost::filesystem;Boost::date_time;Boost::iostreams;Boost::serialization;/usr/lib/libOpenNI.so;libusb::libusb;/usr/lib/x86_64-linux-gnu/libOpenNI2.so;libusb::libusb;VTK::ChartsCore;VTK::CommonColor;VTK::CommonComputationalGeometry;VTK::CommonCore;VTK::CommonDataModel;VTK::CommonExecutionModel;VTK::CommonMath;VTK::CommonMisc;VTK::CommonTransforms;VTK::FiltersCore;VTK::FiltersExtraction;VTK::FiltersGeneral;VTK::FiltersGeometry;VTK::FiltersModeling;VTK::FiltersSources;VTK::ImagingCore;VTK::ImagingSources;VTK::InteractionImage;VTK::InteractionStyle;VTK::InteractionWidgets;VTK::IOCore;VTK::IOGeometry;VTK::IOImage;VTK::IOLegacy;VTK::IOPLY;VTK::RenderingAnnotation;VTK::RenderingCore;VTK::RenderingContext2D;VTK::RenderingLOD;VTK::RenderingFreeType;VTK::ViewsCore;VTK::ViewsContext2D;VTK::RenderingOpenGL2;VTK::GUISupportQt;FLANN::FLANN;QHULL::QHULL (Required is at least version "1.7") 
[4.042s] -- Configuring done
[4.061s] -- Generating done
[4.063s] -- Build files have been written to: /root/AirStack/build/disparity_expansion
[4.074s] Invoked command in '/root/AirStack/build/disparity_expansion' returned '0': /usr/bin/cmake /root/AirStack/ros_ws/src/robot/autonomy/planning/local/disparity_expansion -DCMAKE_INSTALL_PREFIX=/root/AirStack/install/disparity_expansion
[4.077s] Invoking command in '/root/AirStack/build/disparity_expansion': /usr/bin/cmake --build /root/AirStack/build/disparity_expansion -- -j12 -l12
[4.144s] [ 50%] [32mBuilding CXX object CMakeFiles/disparity_conv.dir/src/disparity_conv.cpp.o[0m
[4.457s] [01m[K/root/AirStack/ros_ws/src/robot/autonomy/planning/local/disparity_expansion/src/disparity_conv.cpp:42:10:[m[K [01;31m[Kfatal error: [m[Kpcl_ros/point_cloud.hpp: No such file or directory
[4.457s]    42 | #include [01;31m[K<pcl_ros/point_cloud.hpp>[m[K
[4.458s]       |          [01;31m[K^~~~~~~~~~~~~~~~~~~~~~~~~[m[K
[4.458s] compilation terminated.
[4.467s] gmake[2]: *** [CMakeFiles/disparity_conv.dir/build.make:76: CMakeFiles/disparity_conv.dir/src/disparity_conv.cpp.o] Error 1
[4.467s] gmake[1]: *** [CMakeFiles/Makefile2:137: CMakeFiles/disparity_conv.dir/all] Error 2
[4.467s] gmake: *** [Makefile:101: all] Error 2
[4.471s] Invoked command in '/root/AirStack/build/disparity_expansion' returned '2': /usr/bin/cmake --build /root/AirStack/build/disparity_expansion -- -j12 -l12
