[0.013s] Invoking command in '/root/AirStack/build/disparity_expansion': /usr/bin/cmake /root/AirStack/ros_ws/src/robot/autonomy/planning/local/disparity_expansion -DCATKIN_INSTALL_INTO_PREFIX_ROOT=0 -DCMAKE_INSTALL_PREFIX=/root/AirStack/install/disparity_expansion
[0.031s] -- Found ament_cmake: 1.3.9 (/opt/ros/humble/share/ament_cmake/cmake)
[0.155s] -- Found rclcpp: 16.0.9 (/opt/ros/humble/share/rclcpp/cmake)
[0.181s] -- Found rosidl_generator_c: 3.1.5 (/opt/ros/humble/share/rosidl_generator_c/cmake)
[0.184s] -- Found rosidl_adapter: 3.1.5 (/opt/ros/humble/share/rosidl_adapter/cmake)
[0.189s] -- Found rosidl_generator_cpp: 3.1.5 (/opt/ros/humble/share/rosidl_generator_cpp/cmake)
[0.198s] -- Using all available rosidl_typesupport_c: rosidl_typesupport_fastrtps_c;rosidl_typesupport_introspection_c
[0.212s] -- Using all available rosidl_typesupport_cpp: rosidl_typesupport_fastrtps_cpp;rosidl_typesupport_introspection_cpp
[0.262s] -- Found rmw_implementation_cmake: 6.1.2 (/opt/ros/humble/share/rmw_implementation_cmake/cmake)
[0.263s] -- Found rmw_fastrtps_cpp: 6.2.6 (/opt/ros/humble/share/rmw_fastrtps_cpp/cmake)
[0.442s] -- Using RMW implementation 'rmw_fastrtps_cpp' as default
[0.577s] -- Found cv_bridge: 3.2.1 (/opt/ros/humble/share/cv_bridge/cmake)
[0.697s] -- Found image_geometry: 3.2.1 (/opt/ros/humble/share/image_geometry/cmake)
[0.709s] -- Found image_transport: 3.1.9 (/opt/ros/humble/share/image_transport/cmake)
[0.757s] -- Found tf2: 0.25.7 (/opt/ros/humble/share/tf2/cmake)
[0.766s] -- Found pcl_ros: 2.6.1 (/root/AirStack/ros_ws/install/pcl_ros/share/pcl_ros/cmake)
[1.286s] -- Found eigen3_cmake_module: 0.1.1 (/opt/ros/humble/share/eigen3_cmake_module/cmake)
[1.287s] -- Ensuring Eigen3 include directory is part of orocos-kdl CMake target
[1.322s] -- Eigen found (include: /usr/include/eigen3, version: 3.4.0)
[1.377s] -- FLANN found (include: /usr/include, lib: /usr/lib/x86_64-linux-gnu/libflann_cpp.so)
[1.817s] -- OpenNI found (version: 1.5.4.0, include: /usr/include/ni, lib: /usr/lib/libOpenNI.so;libusb::libusb)
[1.828s] -- OpenNI2 found (version: 2.2.0.33, include: /usr/include/openni2, lib: /usr/lib/x86_64-linux-gnu/libOpenNI2.so;libusb::libusb)
[1.998s] -- Eigen found (include: /usr/include/eigen3, version: 3.4.0)
[2.009s] -- OpenNI found (version: 1.5.4.0, include: /usr/include/ni, lib: /usr/lib/libOpenNI.so;libusb::libusb)
[2.020s] -- OpenNI2 found (version: 2.2.0.33, include: /usr/include/openni2, lib: /usr/lib/x86_64-linux-gnu/libOpenNI2.so;libusb::libusb)
[2.185s] -- Found Qhull version 8.0.2
[2.353s] -- OpenNI found (version: 1.5.4.0, include: /usr/include/ni, lib: /usr/lib/libOpenNI.so;libusb::libusb)
[2.528s] -- Found stereo_msgs: 4.2.4 (/opt/ros/humble/share/stereo_msgs/cmake)
[2.606s] -- Found visualization_msgs: 4.2.4 (/opt/ros/humble/share/visualization_msgs/cmake)
[2.714s] [33mCMake Warning (dev) at CMakeLists.txt:33 (find_package):
[2.714s]   Policy CMP0074 is not set: find_package uses <PackageName>_ROOT variables.
[2.714s]   Run "cmake --help-policy CMP0074" for policy details.  Use the cmake_policy
[2.714s]   command to set the policy and suppress this warning.
[2.714s] 
[2.714s]   CMake variable PCL_ROOT is set to:
[2.714s] 
[2.714s]     /usr
[2.715s] 
[2.715s]   For compatibility, CMake is ignoring the variable.
[2.715s] This warning is for project developers.  Use -Wno-dev to suppress it.
[2.715s] [0m
[2.725s] -- PCL_INCLUDE_DIRS: /usr/include/pcl-1.12
[2.870s] -- Configuring done
[2.929s] -- Generating done
[2.931s] [33mCMake Warning:
[2.932s]   Manually-specified variables were not used by the project:
[2.932s] 
[2.932s]     CATKIN_INSTALL_INTO_PREFIX_ROOT
[2.932s] 
[2.932s] [0m
[2.932s] -- Build files have been written to: /root/AirStack/build/disparity_expansion
[2.944s] Invoked command in '/root/AirStack/build/disparity_expansion' returned '0': /usr/bin/cmake /root/AirStack/ros_ws/src/robot/autonomy/planning/local/disparity_expansion -DCATKIN_INSTALL_INTO_PREFIX_ROOT=0 -DCMAKE_INSTALL_PREFIX=/root/AirStack/install/disparity_expansion
[2.947s] Invoking command in '/root/AirStack/build/disparity_expansion': /usr/bin/cmake --build /root/AirStack/build/disparity_expansion -- -j12 -l12
[3.022s] [ 16%] [32mBuilding CXX object CMakeFiles/disparity_conv.dir/src/disparity_conv.cpp.o[0m
[3.026s] [ 33%] [32mBuilding CXX object CMakeFiles/disparity_expansion.dir/src/disparity_expansion.cpp.o[0m
[3.027s] [ 50%] [32mBuilding CXX object CMakeFiles/disparity_pcd.dir/src/disparity_pcd.cpp.o[0m
[15.594s] [ 66%] [32m[1mLinking CXX executable disparity_conv[0m
[16.175s] [ 66%] Built target disparity_conv
[16.934s] [ 83%] [32m[1mLinking CXX executable disparity_expansion[0m
[17.334s] [ 83%] Built target disparity_expansion
[18.068s] [100%] [32m[1mLinking CXX executable disparity_pcd[0m
[18.465s] [100%] Built target disparity_pcd
[18.478s] Invoked command in '/root/AirStack/build/disparity_expansion' returned '0': /usr/bin/cmake --build /root/AirStack/build/disparity_expansion -- -j12 -l12
[18.586s] Invoking command in '/root/AirStack/build/disparity_expansion': /usr/bin/cmake --install /root/AirStack/build/disparity_expansion
[18.597s] -- Install configuration: "Release"
[18.597s] -- Installing: /root/AirStack/install/disparity_expansion/bin/disparity_expansion
[18.600s] -- Set runtime path of "/root/AirStack/install/disparity_expansion/bin/disparity_expansion" to ""
[18.602s] Invoked command in '/root/AirStack/build/disparity_expansion' returned '0': /usr/bin/cmake --install /root/AirStack/build/disparity_expansion
